<?xml version="1.0" encoding="UTF-8"?>
<!-- Generated by org.testng.reporters.JUnitXMLReporter -->
<testsuite hostname="DESKTOP-3BNPBF8" ignored="0" name="ChromeTest" tests="3" failures="0" timestamp="04 Feb 2017 23:11:17 GMT" time="16.55" errors="0">
  <testcase name="fc_1" time="0.54" classname="com.atul.java.FirstMavenSeleniumTest"/>
  <testcase name="fc_2" time="0.48" classname="com.atul.java.FirstMavenSeleniumTest"/>
  <testcase name="fc_3" time="6.024" classname="com.atul.java.SecondMavenSeleniumTest"/>
</testsuite> <!-- ChromeTest -->
