<?xml version="1.0" encoding="UTF-8"?>
<!-- Generated by org.testng.reporters.JUnitXMLReporter -->
<testsuite hostname="DESKTOP-3BNPBF8" ignored="0" name="FirefoxTest" tests="3" failures="0" timestamp="04 Feb 2017 23:11:52 GMT" time="51.593" errors="0">
  <testcase name="@BeforeClass launchBrowser" time="0.0" classname="com.atul.java.FirstMavenSeleniumTest">
    <failure type="org.openqa.selenium.WebDriverException" message="Failed to connect to binary FirefoxBinary(C:\Program Files (x86)\Mozilla Firefox\firefox.exe) on port 7055; process output follows: 
&amp;quot;:&amp;quot;McAfee Inc.&amp;quot;,&amp;quot;homepageURL&amp;quot;:&amp;quot;http://www.siteadvisor.com/&amp;quot;},&amp;quot;visible&amp;quot;:true,&amp;quot;active&amp;quot;:false,&amp;quot;userDisabled&amp;quot;:true,&amp;quot;appDisabled&amp;quot;:false,&amp;quot;descriptor&amp;quot;:&amp;quot;C:\\Program Files (x86)\\McAfee\\SiteAdvisor\\saffplg.xpi&amp;quot;,&amp;quot;installDate&amp;quot;:1485836562612,&amp;quot;updateDate&amp;quot;:1485836562612,&amp;quot;applyBackgroundUpdates&amp;quot;:1,&amp;quot;bootstrap&amp;quot;:false,&amp;quot;skinnable&amp;quot;:false,&amp;quot;size&amp;quot;:297538,&amp;quot;sourceURI&amp;quot;:null,&amp;quot;releaseNotesURI&amp;quot;:null,&amp;quot;softDisabled&amp;quot;:false,&amp;quot;foreignInstall&amp;quot;:true,&amp;quot;hasBinaryComponents&amp;quot;:false,&amp;quot;strictCompatibility&amp;quot;:false,&amp;quot;locales&amp;quot;:[],&amp;quot;targetApplications&amp;quot;:[{&amp;quot;id&amp;quot;:&amp;quot;{ec8030f7-c20a-464f-9b0e-13a3a9e97384}&amp;quot;,&amp;quot;minVersion&amp;quot;:&amp;quot;26.0&amp;quot;,&amp;quot;maxVersion&amp;quot;:&amp;quot;51.*&amp;quot;}],&amp;quot;targetPlatforms&amp;quot;:[],&amp;quot;multiprocessCompatible&amp;quot;:false,&amp;quot;signedState&amp;quot;:2,&amp;quot;seen&amp;quot;:true,&amp;quot;dependencies&amp;quot;:[],&amp;quot;hasEmbeddedWebExtension&amp;quot;:false,&amp;quot;mpcOptedOut&amp;quot;:true}
1486249862845	DeferredSave.extensions.json	DEBUG	Save changes
1486249862845	addons.xpi	DEBUG	Updating database with changes to installed add-ons
1486249862845	addons.xpi-utils	DEBUG	Updating add-on states
1486249862854	addons.xpi-utils	DEBUG	Writing add-ons list
1486249862865	addons.xpi	DEBUG	Registering manifest for C:\Program Files (x86)\Mozilla Firefox\browser\features\aushelper@mozilla.org.xpi
1486249862866	addons.xpi	DEBUG	Calling bootstrap method startup on aushelper@mozilla.org version 1.0
1486249862874	addons.xpi	DEBUG	Registering manifest for C:\Program Files (x86)\Mozilla Firefox\browser\features\e10srollout@mozilla.org.xpi
1486249862877	addons.xpi	DEBUG	Calling bootstrap method startup on e10srollout@mozilla.org version 1.7
1486249862882	addons.xpi	DEBUG	Registering manifest for C:\Program Files (x86)\Mozilla Firefox\browser\features\firefox@getpocket.com.xpi
1486249862890	addons.xpi	DEBUG	Calling bootstrap method startup on firefox@getpocket.com version 1.0.5
1486249862893	addons.xpi	DEBUG	Registering manifest for C:\Program Files (x86)\Mozilla Firefox\browser\features\webcompat@mozilla.org.xpi
1486249862898	addons.xpi	DEBUG	Calling bootstrap method startup on webcompat@mozilla.org version 1.0
1486249862907	addons.manager	DEBUG	Registering shutdown blocker for XPIProvider
1486249862909	addons.manager	DEBUG	Provider finished startup: XPIProvider
1486249862909	addons.manager	DEBUG	Starting provider: LightweightThemeManager
1486249862909	addons.manager	DEBUG	Registering shutdown blocker for LightweightThemeManager
1486249862910	addons.manager	DEBUG	Provider finished startup: LightweightThemeManager
1486249862910	addons.manager	DEBUG	Starting provider: GMPProvider
1486249862977	addons.manager	DEBUG	Registering shutdown blocker for GMPProvider
1486249862977	addons.manager	DEBUG	Provider finished startup: GMPProvider
1486249862977	addons.manager	DEBUG	Starting provider: PluginProvider
1486249862978	addons.manager	DEBUG	Registering shutdown blocker for PluginProvider
1486249862978	addons.manager	DEBUG	Provider finished startup: PluginProvider
1486249863011	addons.manager	DEBUG	Completed startup sequence
1486249866734	addons.manager	DEBUG	Starting provider: &amp;lt;unnamed-provider&amp;gt;
1486249866735	addons.manager	DEBUG	Registering shutdown blocker for &amp;lt;unnamed-provider&amp;gt;
1486249866736	addons.manager	DEBUG	Provider finished startup: &amp;lt;unnamed-provider&amp;gt;
1486249867105	DeferredSave.extensions.json	DEBUG	Write succeeded
1486249867105	addons.xpi-utils	DEBUG	XPI Database saved, setting schema version preference to 19
1486249867105	DeferredSave.extensions.json	DEBUG	Starting timer
1486249867125	addons.repository	DEBUG	No addons.json found.
1486249867126	DeferredSave.addons.json	DEBUG	Save changes
1486249867130	DeferredSave.addons.json	DEBUG	Starting timer
1486249867241	addons.manager	DEBUG	Starting provider: PreviousExperimentProvider
1486249867241	addons.manager	DEBUG	Registering shutdown blocker for PreviousExperimentProvider
1486249867241	addons.manager	DEBUG	Provider finished startup: PreviousExperimentProvider
1486249867246	DeferredSave.extensions.json	DEBUG	Starting write
1486249867250	DeferredSave.addons.json	DEBUG	Starting write
1486249867313	DeferredSave.extensions.json	DEBUG	Write succeeded
1486249867323	DeferredSave.addons.json	DEBUG	Write succeeded

Build info: version: &amp;apos;2.53.0&amp;apos;, revision: &amp;apos;35ae25b1534ae328c771e0856c93e187490ca824&amp;apos;, time: &amp;apos;2016-03-15 10:43:46&amp;apos;
System info: host: &amp;apos;DESKTOP-3BNPBF8&amp;apos;, ip: &amp;apos;192.168.0.15&amp;apos;, os.name: &amp;apos;Windows 10&amp;apos;, os.arch: &amp;apos;amd64&amp;apos;, os.version: &amp;apos;10.0&amp;apos;, java.version: &amp;apos;1.8.0_111&amp;apos;
Driver info: driver.version: FirefoxDriver">
      <![CDATA[org.openqa.selenium.WebDriverException: Failed to connect to binary FirefoxBinary(C:\Program Files (x86)\Mozilla Firefox\firefox.exe) on port 7055; process output follows: 
":"McAfee Inc.","homepageURL":"http://www.siteadvisor.com/"},"visible":true,"active":false,"userDisabled":true,"appDisabled":false,"descriptor":"C:\\Program Files (x86)\\McAfee\\SiteAdvisor\\saffplg.xpi","installDate":1485836562612,"updateDate":1485836562612,"applyBackgroundUpdates":1,"bootstrap":false,"skinnable":false,"size":297538,"sourceURI":null,"releaseNotesURI":null,"softDisabled":false,"foreignInstall":true,"hasBinaryComponents":false,"strictCompatibility":false,"locales":[],"targetApplications":[{"id":"{ec8030f7-c20a-464f-9b0e-13a3a9e97384}","minVersion":"26.0","maxVersion":"51.*"}],"targetPlatforms":[],"multiprocessCompatible":false,"signedState":2,"seen":true,"dependencies":[],"hasEmbeddedWebExtension":false,"mpcOptedOut":true}
1486249862845	DeferredSave.extensions.json	DEBUG	Save changes
1486249862845	addons.xpi	DEBUG	Updating database with changes to installed add-ons
1486249862845	addons.xpi-utils	DEBUG	Updating add-on states
1486249862854	addons.xpi-utils	DEBUG	Writing add-ons list
1486249862865	addons.xpi	DEBUG	Registering manifest for C:\Program Files (x86)\Mozilla Firefox\browser\features\aushelper@mozilla.org.xpi
1486249862866	addons.xpi	DEBUG	Calling bootstrap method startup on aushelper@mozilla.org version 1.0
1486249862874	addons.xpi	DEBUG	Registering manifest for C:\Program Files (x86)\Mozilla Firefox\browser\features\e10srollout@mozilla.org.xpi
1486249862877	addons.xpi	DEBUG	Calling bootstrap method startup on e10srollout@mozilla.org version 1.7
1486249862882	addons.xpi	DEBUG	Registering manifest for C:\Program Files (x86)\Mozilla Firefox\browser\features\firefox@getpocket.com.xpi
1486249862890	addons.xpi	DEBUG	Calling bootstrap method startup on firefox@getpocket.com version 1.0.5
1486249862893	addons.xpi	DEBUG	Registering manifest for C:\Program Files (x86)\Mozilla Firefox\browser\features\webcompat@mozilla.org.xpi
1486249862898	addons.xpi	DEBUG	Calling bootstrap method startup on webcompat@mozilla.org version 1.0
1486249862907	addons.manager	DEBUG	Registering shutdown blocker for XPIProvider
1486249862909	addons.manager	DEBUG	Provider finished startup: XPIProvider
1486249862909	addons.manager	DEBUG	Starting provider: LightweightThemeManager
1486249862909	addons.manager	DEBUG	Registering shutdown blocker for LightweightThemeManager
1486249862910	addons.manager	DEBUG	Provider finished startup: LightweightThemeManager
1486249862910	addons.manager	DEBUG	Starting provider: GMPProvider
1486249862977	addons.manager	DEBUG	Registering shutdown blocker for GMPProvider
1486249862977	addons.manager	DEBUG	Provider finished startup: GMPProvider
1486249862977	addons.manager	DEBUG	Starting provider: PluginProvider
1486249862978	addons.manager	DEBUG	Registering shutdown blocker for PluginProvider
1486249862978	addons.manager	DEBUG	Provider finished startup: PluginProvider
1486249863011	addons.manager	DEBUG	Completed startup sequence
1486249866734	addons.manager	DEBUG	Starting provider: <unnamed-provider>
1486249866735	addons.manager	DEBUG	Registering shutdown blocker for <unnamed-provider>
1486249866736	addons.manager	DEBUG	Provider finished startup: <unnamed-provider>
1486249867105	DeferredSave.extensions.json	DEBUG	Write succeeded
1486249867105	addons.xpi-utils	DEBUG	XPI Database saved, setting schema version preference to 19
1486249867105	DeferredSave.extensions.json	DEBUG	Starting timer
1486249867125	addons.repository	DEBUG	No addons.json found.
1486249867126	DeferredSave.addons.json	DEBUG	Save changes
1486249867130	DeferredSave.addons.json	DEBUG	Starting timer
1486249867241	addons.manager	DEBUG	Starting provider: PreviousExperimentProvider
1486249867241	addons.manager	DEBUG	Registering shutdown blocker for PreviousExperimentProvider
1486249867241	addons.manager	DEBUG	Provider finished startup: PreviousExperimentProvider
1486249867246	DeferredSave.extensions.json	DEBUG	Starting write
1486249867250	DeferredSave.addons.json	DEBUG	Starting write
1486249867313	DeferredSave.extensions.json	DEBUG	Write succeeded
1486249867323	DeferredSave.addons.json	DEBUG	Write succeeded

Build info: version: '2.53.0', revision: '35ae25b1534ae328c771e0856c93e187490ca824', time: '2016-03-15 10:43:46'
System info: host: 'DESKTOP-3BNPBF8', ip: '192.168.0.15', os.name: 'Windows 10', os.arch: 'amd64', os.version: '10.0', java.version: '1.8.0_111'
Driver info: driver.version: FirefoxDriver
	at org.openqa.selenium.firefox.internal.NewProfileExtensionConnection.start(NewProfileExtensionConnection.java:125)
	at org.openqa.selenium.firefox.FirefoxDriver.startClient(FirefoxDriver.java:271)
	at org.openqa.selenium.remote.RemoteWebDriver.<init>(RemoteWebDriver.java:119)
	at org.openqa.selenium.firefox.FirefoxDriver.<init>(FirefoxDriver.java:216)
	at org.openqa.selenium.firefox.FirefoxDriver.<init>(FirefoxDriver.java:211)
	at org.openqa.selenium.firefox.FirefoxDriver.<init>(FirefoxDriver.java:207)
	at org.openqa.selenium.firefox.FirefoxDriver.<init>(FirefoxDriver.java:120)
	at com.atul.java.FirstMavenSeleniumTest.launchBrowser(FirstMavenSeleniumTest.java:34)
	at java.util.concurrent.FutureTask.run(FutureTask.java:266)
	at java.util.concurrent.ThreadPoolExecutor.runWorker(ThreadPoolExecutor.java:1142)
	at java.util.concurrent.ThreadPoolExecutor$Worker.run(ThreadPoolExecutor.java:617)
	at java.lang.Thread.run(Thread.java:745)
Caused by: org.openqa.selenium.firefox.NotConnectedException: Unable to connect to host 127.0.0.1 on port 7055 after 45000 ms. Firefox console output:
":"McAfee Inc.","homepageURL":"http://www.siteadvisor.com/"},"visible":true,"active":false,"userDisabled":true,"appDisabled":false,"descriptor":"C:\\Program Files (x86)\\McAfee\\SiteAdvisor\\saffplg.xpi","installDate":1485836562612,"updateDate":1485836562612,"applyBackgroundUpdates":1,"bootstrap":false,"skinnable":false,"size":297538,"sourceURI":null,"releaseNotesURI":null,"softDisabled":false,"foreignInstall":true,"hasBinaryComponents":false,"strictCompatibility":false,"locales":[],"targetApplications":[{"id":"{ec8030f7-c20a-464f-9b0e-13a3a9e97384}","minVersion":"26.0","maxVersion":"51.*"}],"targetPlatforms":[],"multiprocessCompatible":false,"signedState":2,"seen":true,"dependencies":[],"hasEmbeddedWebExtension":false,"mpcOptedOut":true}
1486249862845	DeferredSave.extensions.json	DEBUG	Save changes
1486249862845	addons.xpi	DEBUG	Updating database with changes to installed add-ons
1486249862845	addons.xpi-utils	DEBUG	Updating add-on states
1486249862854	addons.xpi-utils	DEBUG	Writing add-ons list
1486249862865	addons.xpi	DEBUG	Registering manifest for C:\Program Files (x86)\Mozilla Firefox\browser\features\aushelper@mozilla.org.xpi
1486249862866	addons.xpi	DEBUG	Calling bootstrap method startup on aushelper@mozilla.org version 1.0
1486249862874	addons.xpi	DEBUG	Registering manifest for C:\Program Files (x86)\Mozilla Firefox\browser\features\e10srollout@mozilla.org.xpi
1486249862877	addons.xpi	DEBUG	Calling bootstrap method startup on e10srollout@mozilla.org version 1.7
1486249862882	addons.xpi	DEBUG	Registering manifest for C:\Program Files (x86)\Mozilla Firefox\browser\features\firefox@getpocket.com.xpi
1486249862890	addons.xpi	DEBUG	Calling bootstrap method startup on firefox@getpocket.com version 1.0.5
1486249862893	addons.xpi	DEBUG	Registering manifest for C:\Program Files (x86)\Mozilla Firefox\browser\features\webcompat@mozilla.org.xpi
1486249862898	addons.xpi	DEBUG	Calling bootstrap method startup on webcompat@mozilla.org version 1.0
1486249862907	addons.manager	DEBUG	Registering shutdown blocker for XPIProvider
1486249862909	addons.manager	DEBUG	Provider finished startup: XPIProvider
1486249862909	addons.manager	DEBUG	Starting provider: LightweightThemeManager
1486249862909	addons.manager	DEBUG	Registering shutdown blocker for LightweightThemeManager
1486249862910	addons.manager	DEBUG	Provider finished startup: LightweightThemeManager
1486249862910	addons.manager	DEBUG	Starting provider: GMPProvider
1486249862977	addons.manager	DEBUG	Registering shutdown blocker for GMPProvider
1486249862977	addons.manager	DEBUG	Provider finished startup: GMPProvider
1486249862977	addons.manager	DEBUG	Starting provider: PluginProvider
1486249862978	addons.manager	DEBUG	Registering shutdown blocker for PluginProvider
1486249862978	addons.manager	DEBUG	Provider finished startup: PluginProvider
1486249863011	addons.manager	DEBUG	Completed startup sequence
1486249866734	addons.manager	DEBUG	Starting provider: <unnamed-provider>
1486249866735	addons.manager	DEBUG	Registering shutdown blocker for <unnamed-provider>
1486249866736	addons.manager	DEBUG	Provider finished startup: <unnamed-provider>
1486249867105	DeferredSave.extensions.json	DEBUG	Write succeeded
1486249867105	addons.xpi-utils	DEBUG	XPI Database saved, setting schema version preference to 19
1486249867105	DeferredSave.extensions.json	DEBUG	Starting timer
1486249867125	addons.repository	DEBUG	No addons.json found.
1486249867126	DeferredSave.addons.json	DEBUG	Save changes
1486249867130	DeferredSave.addons.json	DEBUG	Starting timer
1486249867241	addons.manager	DEBUG	Starting provider: PreviousExperimentProvider
1486249867241	addons.manager	DEBUG	Registering shutdown blocker for PreviousExperimentProvider
1486249867241	addons.manager	DEBUG	Provider finished startup: PreviousExperimentProvider
1486249867246	DeferredSave.extensions.json	DEBUG	Starting write
1486249867250	DeferredSave.addons.json	DEBUG	Starting write
1486249867313	DeferredSave.extensions.json	DEBUG	Write succeeded
1486249867323	DeferredSave.addons.json	DEBUG	Write succeeded

	at org.openqa.selenium.firefox.internal.NewProfileExtensionConnection.start(NewProfileExtensionConnection.java:113)
	... 27 more
... Removed 16 stack frames]]>
    </failure>
  </testcase> <!-- @BeforeClass launchBrowser -->
  <testcase name="fc_1" time="0.002" classname="com.atul.java.FirstMavenSeleniumTest">
    <skipped/>
  </testcase> <!-- fc_1 -->
  <testcase name="fc_2" time="0.002" classname="com.atul.java.FirstMavenSeleniumTest">
    <skipped/>
  </testcase> <!-- fc_2 -->
  <testcase name="fc_3" time="3.758" classname="com.atul.java.SecondMavenSeleniumTest"/>
</testsuite> <!-- FirefoxTest -->
